Arguments: 
  C:\Program Files\nodejs\node.exe C:\Program Files (x86)\Yarn\bin\yarn.js add express-generantor -g

PATH: 
  C:\Program Files (x86)\Intel\iCLS Client\;C:\Program Files\Intel\iCLS Client\;C:\Windows\system32;C:\Windows;C:\Windows\System32\Wbem;C:\Windows\System32\WindowsPowerShell\v1.0\;C:\Windows\System32\OpenSSH\;C:\Program Files (x86)\Intel\OpenCL SDK\2.0\bin\x86;C:\Program Files (x86)\Intel\OpenCL SDK\2.0\bin\x64;C:\Program Files\Intel\Intel(R) Management Engine Components\DAL;C:\Program Files\Intel\Intel(R) Management Engine Components\IPT;C:\Program Files (x86)\Intel\Intel(R) Management Engine Components\DAL;C:\Program Files (x86)\Intel\Intel(R) Management Engine Components\IPT;C:\Program Files\Git\cmd;C:\Program Files\nodejs\;C:\php;C:\composer;C:\ProgramData\chocolatey\bin;C:\Program Files (x86)\Yarn\bin\;C:\Users\Chamone\AppData\Local\Microsoft\WindowsApps;;C:\Users\Chamone\AppData\Local\Programs\Microsoft VS Code\bin;C:\Users\Chamone\AppData\Roaming\npm;C:\Users\Chamone\AppData\Roaming\Composer\vendor\bin;C:\Users\Chamone\AppData\Local\Yarn\bin

Yarn version: 
  1.22.0

Node version: 
  12.14.1

Platform: 
  win32 x64

Trace: 
  Error: https://registry.yarnpkg.com/express-generantor: Not found
      at Request.params.callback [as _callback] (C:\Program Files (x86)\Yarn\lib\cli.js:66084:18)
      at Request.self.callback (C:\Program Files (x86)\Yarn\lib\cli.js:140727:22)
      at Request.emit (events.js:223:5)
      at Request.<anonymous> (C:\Program Files (x86)\Yarn\lib\cli.js:141699:10)
      at Request.emit (events.js:223:5)
      at IncomingMessage.<anonymous> (C:\Program Files (x86)\Yarn\lib\cli.js:141621:12)
      at Object.onceWrapper (events.js:312:28)
      at IncomingMessage.emit (events.js:228:7)
      at endReadableNT (_stream_readable.js:1185:12)
      at processTicksAndRejections (internal/process/task_queues.js:81:21)

npm manifest: 
  {
    "dependencies": {
      "init": "^0.1.2"
    }
  }

yarn manifest: 
  No manifest

Lockfile: 
  # THIS IS AN AUTOGENERATED FILE. DO NOT EDIT THIS FILE DIRECTLY.
  # yarn lockfile v1
  
  
  daemon@>=0.3.0:
    version "1.1.0"
    resolved "https://registry.yarnpkg.com/daemon/-/daemon-1.1.0.tgz#6c5102c81db0be856fc9008fc2c935b398864ae8"
    integrity sha1-bFECyB2wvoVvyQCPwsk1s5iGSug=
  
  init@^0.1.2:
    version "0.1.2"
    resolved "https://registry.yarnpkg.com/init/-/init-0.1.2.tgz#9882ac152707bccba7fe2207c8df8050875c1504"
    integrity sha1-mIKsFScHvMun/iIHyN+AUIdcFQQ=
    dependencies:
      daemon ">=0.3.0"
